--------------------------------------------------------------------------------
Job Sizes 2020-03-03T00:00:00 - 2020-03-05T23:59:59 (259200 secs)
Time reported in Hours/Percentage of Total
--------------------------------------------------------------------------------
  Cluster   Account             0-1 CPUs            2-24 CPUs           25-48 CPUs           >= 49 CPUs % of cluster 
--------- --------- -------------------- -------------------- -------------------- -------------------- ------------ 
--------------------------------------------------------------------------------
Job Sizes 2020-03-03T00:00:00 - 2020-03-05T23:59:59 (259200 secs)
Time reported in Hours/Percentage of Total
--------------------------------------------------------------------------------
  Cluster   Account             0-1 CPUs            2-24 CPUs           25-48 CPUs           >= 49 CPUs % of cluster 
--------- --------- -------------------- -------------------- -------------------- -------------------- ------------ 
    memex       dge             0(0.00%)        1787(100.00%)             0(0.00%)             0(0.00%)        2.44% 
    memex       dpb         1324(13.47%)         8506(86.53%)             0(0.00%)             0(0.00%)       13.44% 
    memex       dtm         4321(17.04%)             0(0.00%)        18852(74.36%)          2180(8.60%)       34.66% 
    memex       emb          72(100.00%)             0(0.00%)             0(0.00%)             0(0.00%)        0.10% 
    memex        gl             0(0.00%)       32755(100.00%)             0(0.00%)             0(0.00%)       44.78% 
    memex       obs            29(0.87%)         3310(98.61%)             6(0.16%)            12(0.36%)        4.59% 
--------------------------------------------------------------------------------
Job Sizes 2020-03-03T00:00:00 - 2020-03-05T23:59:59 (259200 secs)
Time reported in Hours/Percentage of Total
--------------------------------------------------------------------------------
  Cluster   Account             0-1 CPUs            2-24 CPUs           25-48 CPUs           >= 49 CPUs % of cluster 
--------- --------- -------------------- -------------------- -------------------- -------------------- ------------ 
    memex       dge             0(0.00%)        1787(100.00%)             0(0.00%)             0(0.00%)        2.44% 
    memex       dpb         1324(13.47%)         8506(86.53%)             0(0.00%)             0(0.00%)       13.44% 
    memex       dtm         4321(17.04%)             0(0.00%)        18852(74.36%)          2180(8.60%)       34.66% 
    memex       emb          72(100.00%)             0(0.00%)             0(0.00%)             0(0.00%)        0.10% 
    memex        gl             0(0.00%)       32755(100.00%)             0(0.00%)             0(0.00%)       44.78% 
    memex       obs            29(0.87%)         3310(98.61%)             6(0.16%)            12(0.36%)        4.59% 
--------------------------------------------------------------------------------
Job Sizes 2020-03-03T00:00:00 - 2020-03-08T23:59:59 (514800 secs)
Time reported in Hours/Percentage of Total
--------------------------------------------------------------------------------
  Cluster   Account             0-1 CPUs            2-24 CPUs           25-48 CPUs           >= 49 CPUs % of cluster 
--------- --------- -------------------- -------------------- -------------------- -------------------- ------------ 
    memex       dge             0(0.00%)        3491(100.00%)             0(0.00%)             0(0.00%)        2.47% 
    memex       dpb          1395(5.87%)        22357(94.13%)             0(0.00%)             0(0.00%)       16.82% 
    memex       dtm         8288(16.86%)             0(0.00%)        36977(75.21%)          3899(7.93%)       34.82% 
    memex       emb         143(100.00%)             0(0.00%)             0(0.00%)             0(0.00%)        0.10% 
    memex        gl             0(0.00%)        59887(99.00%)           604(1.00%)             0(0.00%)       42.85% 
    memex       obs            29(0.70%)         4091(98.87%)             6(0.13%)            12(0.29%)        2.93% 
--------------------------------------------------------------------------------
Job Sizes 2020-03-03T00:00:00 - 2020-03-08T23:59:59 (514800 secs)
Time reported in Hours/Percentage of Total
--------------------------------------------------------------------------------
  Cluster   Account             0-1 CPUs            2-24 CPUs           25-48 CPUs           >= 49 CPUs % of cluster 
--------- --------- -------------------- -------------------- -------------------- -------------------- ------------ 
    memex       dge             0(0.00%)        3491(100.00%)             0(0.00%)             0(0.00%)        2.47% 
    memex       dpb          1395(5.87%)        22357(94.13%)             0(0.00%)             0(0.00%)       16.82% 
    memex       dtm         8288(16.86%)             0(0.00%)        36977(75.21%)          3899(7.93%)       34.82% 
    memex       emb         143(100.00%)             0(0.00%)             0(0.00%)             0(0.00%)        0.10% 
    memex        gl             0(0.00%)        59887(99.00%)           604(1.00%)             0(0.00%)       42.85% 
    memex       obs            29(0.70%)         4091(98.87%)             6(0.13%)            12(0.29%)        2.93% 
--------------------------------------------------------------------------------
Job Sizes 2020-03-03T00:00:00 - 2020-03-08T23:59:59 (514800 secs)
Time reported in Hours/Percentage of Total
--------------------------------------------------------------------------------
  Cluster   Account             0-1 CPUs            2-24 CPUs           25-48 CPUs           >= 49 CPUs % of cluster 
--------- --------- -------------------- -------------------- -------------------- -------------------- ------------ 
    memex       dge             0(0.00%)        3491(100.00%)             0(0.00%)             0(0.00%)        2.47% 
    memex       dpb          1395(5.87%)        22357(94.13%)             0(0.00%)             0(0.00%)       16.82% 
    memex       dtm         8288(16.86%)             0(0.00%)        36977(75.21%)          3899(7.93%)       34.82% 
    memex       emb         143(100.00%)             0(0.00%)             0(0.00%)             0(0.00%)        0.10% 
    memex        gl             0(0.00%)        59887(99.00%)           604(1.00%)             0(0.00%)       42.85% 
    memex       obs            29(0.70%)         4091(98.87%)             6(0.13%)            12(0.29%)        2.93% 
--------------------------------------------------------------------------------
Job Sizes 2020-03-03T00:00:00 - 2020-03-08T23:59:59 (514800 secs)
Time reported in Hours/Percentage of Total
--------------------------------------------------------------------------------
  Cluster   Account             0-1 CPUs            2-24 CPUs           25-48 CPUs           >= 49 CPUs % of cluster 
--------- --------- -------------------- -------------------- -------------------- -------------------- ------------ 
    memex       dge             0(0.00%)        3491(100.00%)             0(0.00%)             0(0.00%)        2.47% 
    memex       dpb          1395(5.87%)        22357(94.13%)             0(0.00%)             0(0.00%)       16.82% 
    memex       dtm         8288(16.86%)             0(0.00%)        36977(75.21%)          3899(7.93%)       34.82% 
    memex       emb         143(100.00%)             0(0.00%)             0(0.00%)             0(0.00%)        0.10% 
    memex        gl             0(0.00%)        59887(99.00%)           604(1.00%)             0(0.00%)       42.85% 
    memex       obs            29(0.70%)         4091(98.87%)             6(0.13%)            12(0.29%)        2.93% 
